{
  "RSpec": {
    "coverage": {
      "/Users/nhunguyen/Documents/code_review/code_reviews/app/controllers/application_controller.rb": [
        1,
        null,
        null,
        1,
        null,
        1,
        7,
        null,
        null,
        1,
        2,
        null,
        null
      ],
      "/Users/nhunguyen/Documents/code_review/code_reviews/lib/q/review_request_service.rb": [
        1,
        null,
        1,
        1,
        null,
        1,
        13,
        13,
        13,
        null,
        null,
        1,
        1,
        null,
        null,
        null,
        null,
        null,
        1,
        null,
        null,
        1,
        1,
        null,
        null,
        1,
        1,
        null,
        null,
        1,
        2,
        2,
        7,
        null,
        null,
        null,
        1,
        6,
        5,
        3,
        2,
        null,
        null,
        1,
        2,
        2,
        1,
        null,
        1,
        null,
        null,
        null,
        1,
        1,
        null,
        1,
        2,
        2,
        1,
        null,
        null,
        null,
        null
      ],
      "/Users/nhunguyen/Documents/code_review/code_reviews/lib/q/db_service.rb": [
        1,
        1,
        null,
        1,
        38,
        null,
        null,
        1,
        10,
        null,
        null,
        1,
        8,
        null,
        null,
        1,
        6,
        null,
        null,
        1,
        3,
        null,
        null,
        1,
        2,
        null,
        null,
        1,
        3,
        3,
        null,
        null,
        1,
        1,
        null,
        null
      ],
      "/Users/nhunguyen/Documents/code_review/code_reviews/app/controllers/review_requests_controller.rb": [
        1,
        null,
        1,
        1,
        null,
        1,
        2,
        null,
        null,
        1,
        2,
        null,
        null,
        1,
        4,
        4,
        3,
        3,
        null,
        1,
        1,
        1,
        null,
        null,
        null,
        1,
        1,
        9,
        null,
        null
      ],
      "/Users/nhunguyen/Documents/code_review/code_reviews/lib/q/review_reply_service.rb": [
        1,
        null,
        1,
        1,
        null,
        1,
        4,
        4,
        null,
        null,
        1,
        1,
        null,
        null,
        1,
        1,
        null,
        null,
        1,
        1,
        null,
        null,
        null,
        1,
        1,
        null,
        null,
        null,
        null,
        null,
        null,
        1,
        1,
        null,
        null,
        null
      ],
      "/Users/nhunguyen/Documents/code_review/code_reviews/app/controllers/reviews_controller.rb": [
        1,
        1,
        null,
        1,
        1,
        null,
        1,
        2,
        1,
        1,
        null,
        1,
        null,
        null,
        null,
        1,
        2,
        2,
        null,
        null,
        1,
        3,
        null,
        null,
        1,
        3,
        null,
        null,
        1,
        2,
        2,
        null,
        null,
        1,
        2,
        2,
        null,
        null,
        1,
        1,
        3,
        null,
        null,
        1,
        11,
        null,
        null,
        1,
        6,
        6,
        null,
        null,
        1,
        8,
        null,
        null,
        1,
        4,
        null,
        null
      ],
      "/Users/nhunguyen/Documents/code_review/code_reviews/app/controllers/reviews_presenter.rb": [
        1,
        1,
        null,
        1,
        4,
        null,
        4,
        4,
        null,
        null,
        null,
        null
      ],
      "/Users/nhunguyen/Documents/code_review/code_reviews/lib/q/user_service.rb": [
        1,
        null,
        1,
        1,
        null,
        1,
        2,
        null,
        null,
        1,
        2,
        2,
        null,
        null,
        1,
        1,
        null,
        1,
        1,
        null,
        null,
        null,
        null,
        null,
        null
      ],
      "/Users/nhunguyen/Documents/code_review/code_reviews/app/controllers/users_controller.rb": [
        1,
        1,
        null,
        1,
        1,
        null,
        1,
        1,
        null,
        null,
        1,
        2,
        2,
        null,
        null,
        1,
        2,
        2,
        null,
        null,
        1,
        1,
        2,
        null,
        null
      ],
      "/Users/nhunguyen/Documents/code_review/code_reviews/app/models/user.rb": [
        1,
        1,
        1,
        1,
        1,
        null
      ],
      "/Users/nhunguyen/Documents/code_review/code_reviews/app/models/review_request.rb": [
        1,
        1,
        1,
        1,
        null
      ]
    },
    "timestamp": 1380600515
  }
}
